<?xml version="1.0" encoding="UTF-8"?>
<!-- Generated by org.testng.reporters.JUnitReportReporter -->
<testsuite skipped="0" hostname="DELL" name="script.InvaildLogin" tests="1" failures="0" timestamp="09 Dec 2018 11:22:02 GMT" time="4.276" errors="0">
  <testcase name="testInvaildLogin" time="4.276" classname="script.InvaildLogin"/>
</testsuite> <!-- script.InvaildLogin -->
